{"name": "test_add_topic", "status": "broken", "statusDetails": {"message": "selenium.common.exceptions.TimeoutException: Message: \nStacktrace:\n\tGetHandleVerifier [0x0x7ff7c76b1eb5+80197]\n\tGetHandleVerifier [0x0x7ff7c76b1f10+80288]\n\t(No symbol) [0x0x7ff7c74302fa]\n\t(No symbol) [0x0x7ff7c7487cd7]\n\t(No symbol) [0x0x7ff7c7487f9c]\n\t(No symbol) [0x0x7ff7c74dba87]\n\t(No symbol) [0x0x7ff7c74b03bf]\n\t(No symbol) [0x0x7ff7c74d87fb]\n\t(No symbol) [0x0x7ff7c74b0153]\n\t(No symbol) [0x0x7ff7c7478b02]\n\t(No symbol) [0x0x7ff7c74798d3]\n\tGetHandleVerifier [0x0x7ff7c796e83d+2949837]\n\tGetHandleVerifier [0x0x7ff7c7968c6a+2926330]\n\tGetHandleVerifier [0x0x7ff7c79886c7+3055959]\n\tGetHandleVerifier [0x0x7ff7c76ccfee+191102]\n\tGetHandleVerifier [0x0x7ff7c76d50af+224063]\n\tGetHandleVerifier [0x0x7ff7c76baf64+117236]\n\tGetHandleVerifier [0x0x7ff7c76bb119+117673]\n\tGetHandleVerifier [0x0x7ff7c76a10a8+11064]\n\tBaseThreadInitThunk [0x0x7ffb594b7374+20]\n\tRtlUserThreadStart [0x0x7ffb5a9bcc91+33]", "trace": "driver = <selenium.webdriver.chrome.webdriver.WebDriver (session=\"e10ca64f33eb70533521c1d51849105e\")>\n\n    def test_add_topic(driver):\n        helper = QuestionBankHelper(driver)\n    \n>       helper.go_to_question_bank()\n\nTests\\Question\\Danh_sach.py:18: \n_ _ _ _ _ _ _ _ _ _ _ _ _ _ _ _ _ _ _ _ _ _ _ _ _ _ _ _ _ _ _ _ _ _ _ _ _ _ _ _ _ _ _ _ _ _ _ _ _ _ _ _ _ _ _ _ _ _ _ _ _ _ _ _ _ _ _ _ _ _ _ _ _ _ _ _ _ _ _ _ _ _ _ _ _ _ _ \nTests\\Question\\utils\\question_bank_helper.py:12: in go_to_question_bank\n    menu = self.wait.until(\n_ _ _ _ _ _ _ _ _ _ _ _ _ _ _ _ _ _ _ _ _ _ _ _ _ _ _ _ _ _ _ _ _ _ _ _ _ _ _ _ _ _ _ _ _ _ _ _ _ _ _ _ _ _ _ _ _ _ _ _ _ _ _ _ _ _ _ _ _ _ _ _ _ _ _ _ _ _ _ _ _ _ _ _ _ _ _ \n\nself = <selenium.webdriver.support.wait.WebDriverWait (session=\"e10ca64f33eb70533521c1d51849105e\")>\nmethod = <function element_to_be_clickable.<locals>._predicate at 0x00000156E58CF740>, message = ''\n\n    def until(self, method: Callable[[D], Union[Literal[False], T]], message: str = \"\") -> T:\n        \"\"\"Wait until the method returns a value that is not False.\n    \n        Calls the method provided with the driver as an argument until the\n        return value does not evaluate to ``False``.\n    \n        Parameters:\n        -----------\n        method: callable(WebDriver)\n            - A callable object that takes a WebDriver instance as an argument.\n    \n        message: str\n            - Optional message for :exc:`TimeoutException`\n    \n        Return:\n        -------\n        object: T\n            - The result of the last call to `method`\n    \n        Raises:\n        -------\n        TimeoutException\n            - If 'method' does not return a truthy value within the WebDriverWait\n            object's timeout\n    \n        Example:\n        --------\n        >>> from selenium.webdriver.common.by import By\n        >>> from selenium.webdriver.support.ui import WebDriverWait\n        >>> from selenium.webdriver.support import expected_conditions as EC\n    \n        # Wait until an element is visible on the page\n        >>> wait = WebDriverWait(driver, 10)\n        >>> element = wait.until(EC.visibility_of_element_located((By.ID, \"exampleId\")))\n        >>> print(element.text)\n        \"\"\"\n        screen = None\n        stacktrace = None\n    \n        end_time = time.monotonic() + self._timeout\n        while True:\n            try:\n                value = method(self._driver)\n                if value:\n                    return value\n            except self._ignored_exceptions as exc:\n                screen = getattr(exc, \"screen\", None)\n                stacktrace = getattr(exc, \"stacktrace\", None)\n            if time.monotonic() > end_time:\n                break\n            time.sleep(self._poll)\n>       raise TimeoutException(message, screen, stacktrace)\nE       selenium.common.exceptions.TimeoutException: Message: \nE       Stacktrace:\nE       \tGetHandleVerifier [0x0x7ff7c76b1eb5+80197]\nE       \tGetHandleVerifier [0x0x7ff7c76b1f10+80288]\nE       \t(No symbol) [0x0x7ff7c74302fa]\nE       \t(No symbol) [0x0x7ff7c7487cd7]\nE       \t(No symbol) [0x0x7ff7c7487f9c]\nE       \t(No symbol) [0x0x7ff7c74dba87]\nE       \t(No symbol) [0x0x7ff7c74b03bf]\nE       \t(No symbol) [0x0x7ff7c74d87fb]\nE       \t(No symbol) [0x0x7ff7c74b0153]\nE       \t(No symbol) [0x0x7ff7c7478b02]\nE       \t(No symbol) [0x0x7ff7c74798d3]\nE       \tGetHandleVerifier [0x0x7ff7c796e83d+2949837]\nE       \tGetHandleVerifier [0x0x7ff7c7968c6a+2926330]\nE       \tGetHandleVerifier [0x0x7ff7c79886c7+3055959]\nE       \tGetHandleVerifier [0x0x7ff7c76ccfee+191102]\nE       \tGetHandleVerifier [0x0x7ff7c76d50af+224063]\nE       \tGetHandleVerifier [0x0x7ff7c76baf64+117236]\nE       \tGetHandleVerifier [0x0x7ff7c76bb119+117673]\nE       \tGetHandleVerifier [0x0x7ff7c76a10a8+11064]\nE       \tBaseThreadInitThunk [0x0x7ffb594b7374+20]\nE       \tRtlUserThreadStart [0x0x7ffb5a9bcc91+33]\n\n..\\..\\..\\AppData\\Local\\Programs\\Python\\Python313\\Lib\\site-packages\\selenium\\webdriver\\support\\wait.py:138: TimeoutException"}, "start": 1759377575768, "stop": 1759377595834, "uuid": "e270cc67-fec4-4fa2-80d3-2e861e3f4751", "historyId": "61d941336c424c369b2ab4f7c3c79a4a", "testCaseId": "61d941336c424c369b2ab4f7c3c79a4a", "fullName": "Tests.Question.Danh_sach#test_add_topic", "labels": [{"name": "parentSuite", "value": "Tests.Question"}, {"name": "suite", "value": "Danh_sach"}, {"name": "host", "value": "DESKTOP-TCGMAOT"}, {"name": "thread", "value": "17476-MainThread"}, {"name": "framework", "value": "pytest"}, {"name": "language", "value": "cpython3"}, {"name": "package", "value": "Tests.Question.Danh_sach"}], "titlePath": ["Tests", "Question", "Danh_sach.py"]}